2019-11-15 00:01:07.583  INFO 47048 --- [main] c.blog.ourblog.OurblogApplicationTests   : Starting OurblogApplicationTests on ENIAC with PID 47048 (started by 13663 in C:\Users\13663\Desktop\git\ourBlog\ourblog)
2019-11-15 00:01:07.593  INFO 47048 --- [main] c.blog.ourblog.OurblogApplicationTests   : No active profile set, falling back to default profiles: default
2019-11-15 00:01:09.937  INFO 47048 --- [main] .s.d.r.c.RepositoryConfigurationDelegate : Multiple Spring Data modules found, entering strict repository configuration mode!
2019-11-15 00:01:09.943  INFO 47048 --- [main] .s.d.r.c.RepositoryConfigurationDelegate : Bootstrapping Spring Data repositories in DEFAULT mode.
2019-11-15 00:01:10.017  INFO 47048 --- [main] .s.d.r.c.RepositoryConfigurationDelegate : Finished Spring Data repository scanning in 54ms. Found 0 repository interfaces.
2019-11-15 00:01:11.016  INFO 47048 --- [main] trationDelegate$BeanPostProcessorChecker : Bean 'org.springframework.transaction.annotation.ProxyTransactionManagementConfiguration' of type [org.springframework.transaction.annotation.ProxyTransactionManagementConfiguration$$EnhancerBySpringCGLIB$$b62767b4] is not eligible for getting processed by all BeanPostProcessors (for example: not eligible for auto-proxying)
2019-11-15 00:01:11.464  INFO 47048 --- [main] trationDelegate$BeanPostProcessorChecker : Bean 'shiroConfig' of type [com.blog.ourblog.config.ShiroConfig$$EnhancerBySpringCGLIB$$1b8ebbff] is not eligible for getting processed by all BeanPostProcessors (for example: not eligible for auto-proxying)
2019-11-15 00:01:11.490  INFO 47048 --- [main] trationDelegate$BeanPostProcessorChecker : Bean 'hashedCredentialsMatcher' of type [org.apache.shiro.authc.credential.HashedCredentialsMatcher] is not eligible for getting processed by all BeanPostProcessors (for example: not eligible for auto-proxying)
2019-11-15 00:01:11.740  INFO 47048 --- [main] trationDelegate$BeanPostProcessorChecker : Bean 'mybatis-org.mybatis.spring.boot.autoconfigure.MybatisProperties' of type [org.mybatis.spring.boot.autoconfigure.MybatisProperties] is not eligible for getting processed by all BeanPostProcessors (for example: not eligible for auto-proxying)
2019-11-15 00:01:11.782  INFO 47048 --- [main] trationDelegate$BeanPostProcessorChecker : Bean 'org.mybatis.spring.boot.autoconfigure.MybatisAutoConfiguration' of type [org.mybatis.spring.boot.autoconfigure.MybatisAutoConfiguration$$EnhancerBySpringCGLIB$$e8fbb8e4] is not eligible for getting processed by all BeanPostProcessors (for example: not eligible for auto-proxying)
2019-11-15 00:01:11.830  INFO 47048 --- [main] trationDelegate$BeanPostProcessorChecker : Bean 'com.alibaba.druid.spring.boot.autoconfigure.DruidDataSourceAutoConfigure' of type [com.alibaba.druid.spring.boot.autoconfigure.DruidDataSourceAutoConfigure$$EnhancerBySpringCGLIB$$cfd35d26] is not eligible for getting processed by all BeanPostProcessors (for example: not eligible for auto-proxying)
2019-11-15 00:01:11.841  INFO 47048 --- [main] c.a.d.s.b.a.DruidDataSourceAutoConfigure : Init DruidDataSource
2019-11-15 00:01:12.053  INFO 47048 --- [main] trationDelegate$BeanPostProcessorChecker : Bean 'spring.datasource-org.springframework.boot.autoconfigure.jdbc.DataSourceProperties' of type [org.springframework.boot.autoconfigure.jdbc.DataSourceProperties] is not eligible for getting processed by all BeanPostProcessors (for example: not eligible for auto-proxying)
2019-11-15 00:01:12.093  INFO 47048 --- [main] trationDelegate$BeanPostProcessorChecker : Bean 'com.alibaba.druid.spring.boot.autoconfigure.stat.DruidFilterConfiguration' of type [com.alibaba.druid.spring.boot.autoconfigure.stat.DruidFilterConfiguration] is not eligible for getting processed by all BeanPostProcessors (for example: not eligible for auto-proxying)
2019-11-15 00:01:12.228  INFO 47048 --- [main] trationDelegate$BeanPostProcessorChecker : Bean 'statFilter' of type [com.alibaba.druid.filter.stat.StatFilter] is not eligible for getting processed by all BeanPostProcessors (for example: not eligible for auto-proxying)
2019-11-15 00:01:12.706  INFO 47048 --- [main] com.alibaba.druid.pool.DruidDataSource   : {dataSource-1} inited
2019-11-15 00:01:12.707  INFO 47048 --- [main] trationDelegate$BeanPostProcessorChecker : Bean 'dataSource' of type [com.alibaba.druid.spring.boot.autoconfigure.DruidDataSourceWrapper] is not eligible for getting processed by all BeanPostProcessors (for example: not eligible for auto-proxying)
2019-11-15 00:01:12.859  INFO 47048 --- [main] trationDelegate$BeanPostProcessorChecker : Bean 'org.springframework.boot.autoconfigure.jdbc.DataSourceInitializerInvoker' of type [org.springframework.boot.autoconfigure.jdbc.DataSourceInitializerInvoker] is not eligible for getting processed by all BeanPostProcessors (for example: not eligible for auto-proxying)
2019-11-15 00:01:13.475  INFO 47048 --- [main] trationDelegate$BeanPostProcessorChecker : Bean 'sqlSessionFactory' of type [org.apache.ibatis.session.defaults.DefaultSqlSessionFactory] is not eligible for getting processed by all BeanPostProcessors (for example: not eligible for auto-proxying)
2019-11-15 00:01:13.514  INFO 47048 --- [main] trationDelegate$BeanPostProcessorChecker : Bean 'sqlSessionTemplate' of type [org.mybatis.spring.SqlSessionTemplate] is not eligible for getting processed by all BeanPostProcessors (for example: not eligible for auto-proxying)
2019-11-15 00:01:13.538  INFO 47048 --- [main] trationDelegate$BeanPostProcessorChecker : Bean 'userMapper' of type [org.mybatis.spring.mapper.MapperFactoryBean] is not eligible for getting processed by all BeanPostProcessors (for example: not eligible for auto-proxying)
2019-11-15 00:01:13.551  INFO 47048 --- [main] trationDelegate$BeanPostProcessorChecker : Bean 'userMapper' of type [com.sun.proxy.$Proxy79] is not eligible for getting processed by all BeanPostProcessors (for example: not eligible for auto-proxying)
2019-11-15 00:01:13.577  INFO 47048 --- [main] trationDelegate$BeanPostProcessorChecker : Bean 'constant' of type [com.blog.ourblog.constant.Constant$$EnhancerBySpringCGLIB$$a7d2a288] is not eligible for getting processed by all BeanPostProcessors (for example: not eligible for auto-proxying)
2019-11-15 00:01:13.589  INFO 47048 --- [main] trationDelegate$BeanPostProcessorChecker : Bean 'IPServiceimpl' of type [com.blog.ourblog.service.impl.IPServiceimpl] is not eligible for getting processed by all BeanPostProcessors (for example: not eligible for auto-proxying)
2019-11-15 00:01:13.616  INFO 47048 --- [main] trationDelegate$BeanPostProcessorChecker : Bean 'roleMapper' of type [org.mybatis.spring.mapper.MapperFactoryBean] is not eligible for getting processed by all BeanPostProcessors (for example: not eligible for auto-proxying)
2019-11-15 00:01:13.620  INFO 47048 --- [main] trationDelegate$BeanPostProcessorChecker : Bean 'roleMapper' of type [com.sun.proxy.$Proxy80] is not eligible for getting processed by all BeanPostProcessors (for example: not eligible for auto-proxying)
2019-11-15 00:01:13.631  INFO 47048 --- [main] trationDelegate$BeanPostProcessorChecker : Bean 'actionMapper' of type [org.mybatis.spring.mapper.MapperFactoryBean] is not eligible for getting processed by all BeanPostProcessors (for example: not eligible for auto-proxying)
2019-11-15 00:01:13.637  INFO 47048 --- [main] trationDelegate$BeanPostProcessorChecker : Bean 'actionMapper' of type [com.sun.proxy.$Proxy81] is not eligible for getting processed by all BeanPostProcessors (for example: not eligible for auto-proxying)
2019-11-15 00:01:13.640  INFO 47048 --- [main] trationDelegate$BeanPostProcessorChecker : Bean 'roleServiceimpl' of type [com.blog.ourblog.service.impl.RoleServiceimpl] is not eligible for getting processed by all BeanPostProcessors (for example: not eligible for auto-proxying)
2019-11-15 00:01:13.644  INFO 47048 --- [main] trationDelegate$BeanPostProcessorChecker : Bean 'userServiceimpl' of type [com.blog.ourblog.service.impl.UserServiceimpl] is not eligible for getting processed by all BeanPostProcessors (for example: not eligible for auto-proxying)
2019-11-15 00:01:13.666  INFO 47048 --- [main] trationDelegate$BeanPostProcessorChecker : Bean 'userRealm' of type [com.blog.ourblog.realm.UserRealm] is not eligible for getting processed by all BeanPostProcessors (for example: not eligible for auto-proxying)
2019-11-15 00:01:14.904  INFO 47048 --- [main] trationDelegate$BeanPostProcessorChecker : Bean 'rememberMeCookie' of type [org.apache.shiro.web.servlet.SimpleCookie] is not eligible for getting processed by all BeanPostProcessors (for example: not eligible for auto-proxying)
2019-11-15 00:01:14.923  INFO 47048 --- [main] trationDelegate$BeanPostProcessorChecker : Bean 'rememberMeManager' of type [org.apache.shiro.web.mgt.CookieRememberMeManager] is not eligible for getting processed by all BeanPostProcessors (for example: not eligible for auto-proxying)
2019-11-15 00:01:14.957  INFO 47048 --- [main] trationDelegate$BeanPostProcessorChecker : Bean 'securityManager' of type [org.apache.shiro.web.mgt.DefaultWebSecurityManager] is not eligible for getting processed by all BeanPostProcessors (for example: not eligible for auto-proxying)
2019-11-15 00:01:17.517  INFO 47048 --- [main] o.s.s.concurrent.ThreadPoolTaskExecutor  : Initializing ExecutorService 'applicationTaskExecutor'
2019-11-15 00:01:17.768  INFO 47048 --- [main] o.s.b.a.w.s.WelcomePageHandlerMapping    : Adding welcome page template: index
2019-11-15 00:01:18.197  WARN 47048 --- [main] org.thymeleaf.templatemode.TemplateMode  : [THYMELEAF][main] Template Mode 'HTML5' is deprecated. Using Template Mode 'HTML' instead.
2019-11-15 00:01:20.992  INFO 47048 --- [main] c.blog.ourblog.OurblogApplicationTests   : Started OurblogApplicationTests in 14.368 seconds (JVM running for 16.103)
2019-11-15 00:01:22.788  INFO 47048 --- [Thread-2] o.s.s.concurrent.ThreadPoolTaskExecutor  : Shutting down ExecutorService 'applicationTaskExecutor'
2019-11-15 00:01:22.821  INFO 47048 --- [Thread-2] com.alibaba.druid.pool.DruidDataSource   : {dataSource-1} closed
2019-11-15 00:07:03.815  INFO 23228 --- [main] com.blog.ourblog.OurblogApplication      : Starting OurblogApplication on ENIAC with PID 23228 (C:\Users\13663\Desktop\git\ourBlog\ourblog\target\classes started by 13663 in C:\Users\13663\Desktop\git\ourBlog\ourblog)
2019-11-15 00:07:03.820  INFO 23228 --- [main] com.blog.ourblog.OurblogApplication      : No active profile set, falling back to default profiles: default
2019-11-15 00:07:05.460  INFO 23228 --- [main] .s.d.r.c.RepositoryConfigurationDelegate : Multiple Spring Data modules found, entering strict repository configuration mode!
2019-11-15 00:07:05.465  INFO 23228 --- [main] .s.d.r.c.RepositoryConfigurationDelegate : Bootstrapping Spring Data repositories in DEFAULT mode.
2019-11-15 00:07:05.531  INFO 23228 --- [main] .s.d.r.c.RepositoryConfigurationDelegate : Finished Spring Data repository scanning in 46ms. Found 0 repository interfaces.
2019-11-15 00:07:06.190  INFO 23228 --- [main] trationDelegate$BeanPostProcessorChecker : Bean 'org.springframework.transaction.annotation.ProxyTransactionManagementConfiguration' of type [org.springframework.transaction.annotation.ProxyTransactionManagementConfiguration$$EnhancerBySpringCGLIB$$d98e107] is not eligible for getting processed by all BeanPostProcessors (for example: not eligible for auto-proxying)
2019-11-15 00:07:06.376  INFO 23228 --- [main] trationDelegate$BeanPostProcessorChecker : Bean 'shiroConfig' of type [com.blog.ourblog.config.ShiroConfig$$EnhancerBySpringCGLIB$$73003552] is not eligible for getting processed by all BeanPostProcessors (for example: not eligible for auto-proxying)
2019-11-15 00:07:06.394  INFO 23228 --- [main] trationDelegate$BeanPostProcessorChecker : Bean 'hashedCredentialsMatcher' of type [org.apache.shiro.authc.credential.HashedCredentialsMatcher] is not eligible for getting processed by all BeanPostProcessors (for example: not eligible for auto-proxying)
2019-11-15 00:07:06.554  INFO 23228 --- [main] trationDelegate$BeanPostProcessorChecker : Bean 'mybatis-org.mybatis.spring.boot.autoconfigure.MybatisProperties' of type [org.mybatis.spring.boot.autoconfigure.MybatisProperties] is not eligible for getting processed by all BeanPostProcessors (for example: not eligible for auto-proxying)
2019-11-15 00:07:06.574  INFO 23228 --- [main] trationDelegate$BeanPostProcessorChecker : Bean 'org.mybatis.spring.boot.autoconfigure.MybatisAutoConfiguration' of type [org.mybatis.spring.boot.autoconfigure.MybatisAutoConfiguration$$EnhancerBySpringCGLIB$$406d3237] is not eligible for getting processed by all BeanPostProcessors (for example: not eligible for auto-proxying)
2019-11-15 00:07:06.586  INFO 23228 --- [main] trationDelegate$BeanPostProcessorChecker : Bean 'com.alibaba.druid.spring.boot.autoconfigure.DruidDataSourceAutoConfigure' of type [com.alibaba.druid.spring.boot.autoconfigure.DruidDataSourceAutoConfigure$$EnhancerBySpringCGLIB$$2744d679] is not eligible for getting processed by all BeanPostProcessors (for example: not eligible for auto-proxying)
2019-11-15 00:07:06.590  INFO 23228 --- [main] c.a.d.s.b.a.DruidDataSourceAutoConfigure : Init DruidDataSource
2019-11-15 00:07:06.689  INFO 23228 --- [main] trationDelegate$BeanPostProcessorChecker : Bean 'spring.datasource-org.springframework.boot.autoconfigure.jdbc.DataSourceProperties' of type [org.springframework.boot.autoconfigure.jdbc.DataSourceProperties] is not eligible for getting processed by all BeanPostProcessors (for example: not eligible for auto-proxying)
2019-11-15 00:07:06.712  INFO 23228 --- [main] trationDelegate$BeanPostProcessorChecker : Bean 'com.alibaba.druid.spring.boot.autoconfigure.stat.DruidFilterConfiguration' of type [com.alibaba.druid.spring.boot.autoconfigure.stat.DruidFilterConfiguration] is not eligible for getting processed by all BeanPostProcessors (for example: not eligible for auto-proxying)
2019-11-15 00:07:06.744  INFO 23228 --- [main] trationDelegate$BeanPostProcessorChecker : Bean 'statFilter' of type [com.alibaba.druid.filter.stat.StatFilter] is not eligible for getting processed by all BeanPostProcessors (for example: not eligible for auto-proxying)
2019-11-15 00:07:06.963  INFO 23228 --- [main] com.alibaba.druid.pool.DruidDataSource   : {dataSource-1} inited
2019-11-15 00:07:06.965  INFO 23228 --- [main] trationDelegate$BeanPostProcessorChecker : Bean 'dataSource' of type [com.alibaba.druid.spring.boot.autoconfigure.DruidDataSourceWrapper] is not eligible for getting processed by all BeanPostProcessors (for example: not eligible for auto-proxying)
2019-11-15 00:07:07.026  INFO 23228 --- [main] trationDelegate$BeanPostProcessorChecker : Bean 'org.springframework.boot.autoconfigure.jdbc.DataSourceInitializerInvoker' of type [org.springframework.boot.autoconfigure.jdbc.DataSourceInitializerInvoker] is not eligible for getting processed by all BeanPostProcessors (for example: not eligible for auto-proxying)
2019-11-15 00:07:07.559  INFO 23228 --- [main] trationDelegate$BeanPostProcessorChecker : Bean 'sqlSessionFactory' of type [org.apache.ibatis.session.defaults.DefaultSqlSessionFactory] is not eligible for getting processed by all BeanPostProcessors (for example: not eligible for auto-proxying)
2019-11-15 00:07:07.568  INFO 23228 --- [main] trationDelegate$BeanPostProcessorChecker : Bean 'sqlSessionTemplate' of type [org.mybatis.spring.SqlSessionTemplate] is not eligible for getting processed by all BeanPostProcessors (for example: not eligible for auto-proxying)
2019-11-15 00:07:07.577  INFO 23228 --- [main] trationDelegate$BeanPostProcessorChecker : Bean 'userMapper' of type [org.mybatis.spring.mapper.MapperFactoryBean] is not eligible for getting processed by all BeanPostProcessors (for example: not eligible for auto-proxying)
2019-11-15 00:07:07.581  INFO 23228 --- [main] trationDelegate$BeanPostProcessorChecker : Bean 'userMapper' of type [com.sun.proxy.$Proxy73] is not eligible for getting processed by all BeanPostProcessors (for example: not eligible for auto-proxying)
2019-11-15 00:07:07.587  INFO 23228 --- [main] trationDelegate$BeanPostProcessorChecker : Bean 'constant' of type [com.blog.ourblog.constant.Constant$$EnhancerBySpringCGLIB$$ff441bdb] is not eligible for getting processed by all BeanPostProcessors (for example: not eligible for auto-proxying)
2019-11-15 00:07:07.589  INFO 23228 --- [main] trationDelegate$BeanPostProcessorChecker : Bean 'IPServiceimpl' of type [com.blog.ourblog.service.impl.IPServiceimpl] is not eligible for getting processed by all BeanPostProcessors (for example: not eligible for auto-proxying)
2019-11-15 00:07:07.594  INFO 23228 --- [main] trationDelegate$BeanPostProcessorChecker : Bean 'roleMapper' of type [org.mybatis.spring.mapper.MapperFactoryBean] is not eligible for getting processed by all BeanPostProcessors (for example: not eligible for auto-proxying)
2019-11-15 00:07:07.596  INFO 23228 --- [main] trationDelegate$BeanPostProcessorChecker : Bean 'roleMapper' of type [com.sun.proxy.$Proxy74] is not eligible for getting processed by all BeanPostProcessors (for example: not eligible for auto-proxying)
2019-11-15 00:07:07.599  INFO 23228 --- [main] trationDelegate$BeanPostProcessorChecker : Bean 'actionMapper' of type [org.mybatis.spring.mapper.MapperFactoryBean] is not eligible for getting processed by all BeanPostProcessors (for example: not eligible for auto-proxying)
2019-11-15 00:07:07.600  INFO 23228 --- [main] trationDelegate$BeanPostProcessorChecker : Bean 'actionMapper' of type [com.sun.proxy.$Proxy75] is not eligible for getting processed by all BeanPostProcessors (for example: not eligible for auto-proxying)
2019-11-15 00:07:07.602  INFO 23228 --- [main] trationDelegate$BeanPostProcessorChecker : Bean 'roleServiceimpl' of type [com.blog.ourblog.service.impl.RoleServiceimpl] is not eligible for getting processed by all BeanPostProcessors (for example: not eligible for auto-proxying)
2019-11-15 00:07:07.603  INFO 23228 --- [main] trationDelegate$BeanPostProcessorChecker : Bean 'userServiceimpl' of type [com.blog.ourblog.service.impl.UserServiceimpl] is not eligible for getting processed by all BeanPostProcessors (for example: not eligible for auto-proxying)
2019-11-15 00:07:07.605  INFO 23228 --- [main] trationDelegate$BeanPostProcessorChecker : Bean 'userRealm' of type [com.blog.ourblog.realm.UserRealm] is not eligible for getting processed by all BeanPostProcessors (for example: not eligible for auto-proxying)
2019-11-15 00:07:08.098  INFO 23228 --- [main] trationDelegate$BeanPostProcessorChecker : Bean 'rememberMeCookie' of type [org.apache.shiro.web.servlet.SimpleCookie] is not eligible for getting processed by all BeanPostProcessors (for example: not eligible for auto-proxying)
2019-11-15 00:07:08.106  INFO 23228 --- [main] trationDelegate$BeanPostProcessorChecker : Bean 'rememberMeManager' of type [org.apache.shiro.web.mgt.CookieRememberMeManager] is not eligible for getting processed by all BeanPostProcessors (for example: not eligible for auto-proxying)
2019-11-15 00:07:08.113  INFO 23228 --- [main] trationDelegate$BeanPostProcessorChecker : Bean 'securityManager' of type [org.apache.shiro.web.mgt.DefaultWebSecurityManager] is not eligible for getting processed by all BeanPostProcessors (for example: not eligible for auto-proxying)
2019-11-15 00:07:08.497  INFO 23228 --- [main] o.s.b.w.embedded.tomcat.TomcatWebServer  : Tomcat initialized with port(s): 8080 (http)
2019-11-15 00:07:08.531  INFO 23228 --- [main] o.apache.catalina.core.StandardService   : Starting service [Tomcat]
2019-11-15 00:07:08.532  INFO 23228 --- [main] org.apache.catalina.core.StandardEngine  : Starting Servlet engine: [Apache Tomcat/9.0.24]
2019-11-15 00:07:09.075  INFO 23228 --- [main] o.a.c.c.C.[Tomcat].[localhost].[/]       : Initializing Spring embedded WebApplicationContext
2019-11-15 00:07:09.076  INFO 23228 --- [main] o.s.web.context.ContextLoader            : Root WebApplicationContext: initialization completed in 5073 ms
2019-11-15 00:07:09.798  INFO 23228 --- [main] o.s.s.concurrent.ThreadPoolTaskExecutor  : Initializing ExecutorService 'applicationTaskExecutor'
2019-11-15 00:07:09.922  INFO 23228 --- [main] o.s.b.a.w.s.WelcomePageHandlerMapping    : Adding welcome page template: index
2019-11-15 00:07:10.003  WARN 23228 --- [main] org.thymeleaf.templatemode.TemplateMode  : [THYMELEAF][main] Template Mode 'HTML5' is deprecated. Using Template Mode 'HTML' instead.
2019-11-15 00:07:10.832  INFO 23228 --- [main] o.s.b.w.embedded.tomcat.TomcatWebServer  : Tomcat started on port(s): 8080 (http) with context path ''
2019-11-15 00:07:10.838  INFO 23228 --- [main] com.blog.ourblog.OurblogApplication      : Started OurblogApplication in 8.129 seconds (JVM running for 10.289)
2019-11-15 00:28:38.543  INFO 23228 --- [http-nio-8080-exec-2] o.a.c.c.C.[Tomcat].[localhost].[/]       : Initializing Spring DispatcherServlet 'dispatcherServlet'
2019-11-15 00:28:38.543  INFO 23228 --- [http-nio-8080-exec-2] o.s.web.servlet.DispatcherServlet        : Initializing Servlet 'dispatcherServlet'
2019-11-15 00:28:38.567  INFO 23228 --- [http-nio-8080-exec-2] o.s.web.servlet.DispatcherServlet        : Completed initialization in 21 ms
2019-11-15 00:32:05.849 ERROR 23228 --- [http-nio-8080-exec-9] c.b.o.service.impl.UtilServiceImpl       : java.io.IOException: 你的主机中的软件中止了一个已建立的连接。
2019-11-15 00:32:05.854 ERROR 23228 --- [http-nio-8080-exec-9] c.b.ourblog.controller.UtilController    : java.io.IOException: 你的主机中的软件中止了一个已建立的连接。
2019-11-15 00:50:42.979  INFO 44504 --- [main] c.blog.ourblog.OurblogApplicationTests   : Starting OurblogApplicationTests on ENIAC with PID 44504 (started by 13663 in C:\Users\13663\Desktop\git\ourBlog\ourblog)
2019-11-15 00:50:42.984  INFO 44504 --- [main] c.blog.ourblog.OurblogApplicationTests   : No active profile set, falling back to default profiles: default
2019-11-15 00:50:44.801  INFO 44504 --- [main] .s.d.r.c.RepositoryConfigurationDelegate : Multiple Spring Data modules found, entering strict repository configuration mode!
2019-11-15 00:50:44.806  INFO 44504 --- [main] .s.d.r.c.RepositoryConfigurationDelegate : Bootstrapping Spring Data repositories in DEFAULT mode.
2019-11-15 00:50:44.889  INFO 44504 --- [main] .s.d.r.c.RepositoryConfigurationDelegate : Finished Spring Data repository scanning in 63ms. Found 0 repository interfaces.
2019-11-15 00:50:45.826  INFO 44504 --- [main] trationDelegate$BeanPostProcessorChecker : Bean 'org.springframework.transaction.annotation.ProxyTransactionManagementConfiguration' of type [org.springframework.transaction.annotation.ProxyTransactionManagementConfiguration$$EnhancerBySpringCGLIB$$f2664999] is not eligible for getting processed by all BeanPostProcessors (for example: not eligible for auto-proxying)
2019-11-15 00:50:46.250  INFO 44504 --- [main] trationDelegate$BeanPostProcessorChecker : Bean 'shiroConfig' of type [com.blog.ourblog.config.ShiroConfig$$EnhancerBySpringCGLIB$$57cd9de4] is not eligible for getting processed by all BeanPostProcessors (for example: not eligible for auto-proxying)
2019-11-15 00:50:46.284  INFO 44504 --- [main] trationDelegate$BeanPostProcessorChecker : Bean 'hashedCredentialsMatcher' of type [org.apache.shiro.authc.credential.HashedCredentialsMatcher] is not eligible for getting processed by all BeanPostProcessors (for example: not eligible for auto-proxying)
2019-11-15 00:50:46.486  INFO 44504 --- [main] trationDelegate$BeanPostProcessorChecker : Bean 'mybatis-org.mybatis.spring.boot.autoconfigure.MybatisProperties' of type [org.mybatis.spring.boot.autoconfigure.MybatisProperties] is not eligible for getting processed by all BeanPostProcessors (for example: not eligible for auto-proxying)
2019-11-15 00:50:46.530  INFO 44504 --- [main] trationDelegate$BeanPostProcessorChecker : Bean 'org.mybatis.spring.boot.autoconfigure.MybatisAutoConfiguration' of type [org.mybatis.spring.boot.autoconfigure.MybatisAutoConfiguration$$EnhancerBySpringCGLIB$$253a9ac9] is not eligible for getting processed by all BeanPostProcessors (for example: not eligible for auto-proxying)
2019-11-15 00:50:46.552  INFO 44504 --- [main] trationDelegate$BeanPostProcessorChecker : Bean 'com.alibaba.druid.spring.boot.autoconfigure.DruidDataSourceAutoConfigure' of type [com.alibaba.druid.spring.boot.autoconfigure.DruidDataSourceAutoConfigure$$EnhancerBySpringCGLIB$$c123f0b] is not eligible for getting processed by all BeanPostProcessors (for example: not eligible for auto-proxying)
2019-11-15 00:50:46.560  INFO 44504 --- [main] c.a.d.s.b.a.DruidDataSourceAutoConfigure : Init DruidDataSource
2019-11-15 00:50:46.683  INFO 44504 --- [main] trationDelegate$BeanPostProcessorChecker : Bean 'spring.datasource-org.springframework.boot.autoconfigure.jdbc.DataSourceProperties' of type [org.springframework.boot.autoconfigure.jdbc.DataSourceProperties] is not eligible for getting processed by all BeanPostProcessors (for example: not eligible for auto-proxying)
2019-11-15 00:50:46.704  INFO 44504 --- [main] trationDelegate$BeanPostProcessorChecker : Bean 'com.alibaba.druid.spring.boot.autoconfigure.stat.DruidFilterConfiguration' of type [com.alibaba.druid.spring.boot.autoconfigure.stat.DruidFilterConfiguration] is not eligible for getting processed by all BeanPostProcessors (for example: not eligible for auto-proxying)
2019-11-15 00:50:46.789  INFO 44504 --- [main] trationDelegate$BeanPostProcessorChecker : Bean 'statFilter' of type [com.alibaba.druid.filter.stat.StatFilter] is not eligible for getting processed by all BeanPostProcessors (for example: not eligible for auto-proxying)
2019-11-15 00:50:47.173  INFO 44504 --- [main] com.alibaba.druid.pool.DruidDataSource   : {dataSource-1} inited
2019-11-15 00:50:47.177  INFO 44504 --- [main] trationDelegate$BeanPostProcessorChecker : Bean 'dataSource' of type [com.alibaba.druid.spring.boot.autoconfigure.DruidDataSourceWrapper] is not eligible for getting processed by all BeanPostProcessors (for example: not eligible for auto-proxying)
2019-11-15 00:50:47.378  INFO 44504 --- [main] trationDelegate$BeanPostProcessorChecker : Bean 'org.springframework.boot.autoconfigure.jdbc.DataSourceInitializerInvoker' of type [org.springframework.boot.autoconfigure.jdbc.DataSourceInitializerInvoker] is not eligible for getting processed by all BeanPostProcessors (for example: not eligible for auto-proxying)
2019-11-15 00:50:47.901  INFO 44504 --- [main] trationDelegate$BeanPostProcessorChecker : Bean 'sqlSessionFactory' of type [org.apache.ibatis.session.defaults.DefaultSqlSessionFactory] is not eligible for getting processed by all BeanPostProcessors (for example: not eligible for auto-proxying)
2019-11-15 00:50:47.924  INFO 44504 --- [main] trationDelegate$BeanPostProcessorChecker : Bean 'sqlSessionTemplate' of type [org.mybatis.spring.SqlSessionTemplate] is not eligible for getting processed by all BeanPostProcessors (for example: not eligible for auto-proxying)
2019-11-15 00:50:47.936  INFO 44504 --- [main] trationDelegate$BeanPostProcessorChecker : Bean 'userMapper' of type [org.mybatis.spring.mapper.MapperFactoryBean] is not eligible for getting processed by all BeanPostProcessors (for example: not eligible for auto-proxying)
2019-11-15 00:50:47.943  INFO 44504 --- [main] trationDelegate$BeanPostProcessorChecker : Bean 'userMapper' of type [com.sun.proxy.$Proxy79] is not eligible for getting processed by all BeanPostProcessors (for example: not eligible for auto-proxying)
2019-11-15 00:50:47.957  INFO 44504 --- [main] trationDelegate$BeanPostProcessorChecker : Bean 'constant' of type [com.blog.ourblog.constant.Constant$$EnhancerBySpringCGLIB$$e411846d] is not eligible for getting processed by all BeanPostProcessors (for example: not eligible for auto-proxying)
2019-11-15 00:50:47.964  INFO 44504 --- [main] trationDelegate$BeanPostProcessorChecker : Bean 'IPServiceimpl' of type [com.blog.ourblog.service.impl.IPServiceimpl] is not eligible for getting processed by all BeanPostProcessors (for example: not eligible for auto-proxying)
2019-11-15 00:50:47.986  INFO 44504 --- [main] trationDelegate$BeanPostProcessorChecker : Bean 'roleMapper' of type [org.mybatis.spring.mapper.MapperFactoryBean] is not eligible for getting processed by all BeanPostProcessors (for example: not eligible for auto-proxying)
2019-11-15 00:50:47.989  INFO 44504 --- [main] trationDelegate$BeanPostProcessorChecker : Bean 'roleMapper' of type [com.sun.proxy.$Proxy80] is not eligible for getting processed by all BeanPostProcessors (for example: not eligible for auto-proxying)
2019-11-15 00:50:48.000  INFO 44504 --- [main] trationDelegate$BeanPostProcessorChecker : Bean 'actionMapper' of type [org.mybatis.spring.mapper.MapperFactoryBean] is not eligible for getting processed by all BeanPostProcessors (for example: not eligible for auto-proxying)
2019-11-15 00:50:48.004  INFO 44504 --- [main] trationDelegate$BeanPostProcessorChecker : Bean 'actionMapper' of type [com.sun.proxy.$Proxy81] is not eligible for getting processed by all BeanPostProcessors (for example: not eligible for auto-proxying)
2019-11-15 00:50:48.007  INFO 44504 --- [main] trationDelegate$BeanPostProcessorChecker : Bean 'roleServiceimpl' of type [com.blog.ourblog.service.impl.RoleServiceimpl] is not eligible for getting processed by all BeanPostProcessors (for example: not eligible for auto-proxying)
2019-11-15 00:50:48.009  INFO 44504 --- [main] trationDelegate$BeanPostProcessorChecker : Bean 'userServiceimpl' of type [com.blog.ourblog.service.impl.UserServiceimpl] is not eligible for getting processed by all BeanPostProcessors (for example: not eligible for auto-proxying)
2019-11-15 00:50:48.012  INFO 44504 --- [main] trationDelegate$BeanPostProcessorChecker : Bean 'userRealm' of type [com.blog.ourblog.realm.UserRealm] is not eligible for getting processed by all BeanPostProcessors (for example: not eligible for auto-proxying)
2019-11-15 00:50:49.132  INFO 44504 --- [main] trationDelegate$BeanPostProcessorChecker : Bean 'rememberMeCookie' of type [org.apache.shiro.web.servlet.SimpleCookie] is not eligible for getting processed by all BeanPostProcessors (for example: not eligible for auto-proxying)
2019-11-15 00:50:49.147  INFO 44504 --- [main] trationDelegate$BeanPostProcessorChecker : Bean 'rememberMeManager' of type [org.apache.shiro.web.mgt.CookieRememberMeManager] is not eligible for getting processed by all BeanPostProcessors (for example: not eligible for auto-proxying)
2019-11-15 00:50:49.178  INFO 44504 --- [main] trationDelegate$BeanPostProcessorChecker : Bean 'securityManager' of type [org.apache.shiro.web.mgt.DefaultWebSecurityManager] is not eligible for getting processed by all BeanPostProcessors (for example: not eligible for auto-proxying)
2019-11-15 00:50:51.174  INFO 44504 --- [main] o.s.s.concurrent.ThreadPoolTaskExecutor  : Initializing ExecutorService 'applicationTaskExecutor'
2019-11-15 00:50:51.598  INFO 44504 --- [main] o.s.b.a.w.s.WelcomePageHandlerMapping    : Adding welcome page template: index
2019-11-15 00:50:51.907  WARN 44504 --- [main] org.thymeleaf.templatemode.TemplateMode  : [THYMELEAF][main] Template Mode 'HTML5' is deprecated. Using Template Mode 'HTML' instead.
2019-11-15 00:50:53.712  INFO 44504 --- [main] c.blog.ourblog.OurblogApplicationTests   : Started OurblogApplicationTests in 11.571 seconds (JVM running for 13.108)
2019-11-15 00:50:55.539  INFO 44504 --- [Thread-2] o.s.s.concurrent.ThreadPoolTaskExecutor  : Shutting down ExecutorService 'applicationTaskExecutor'
2019-11-15 00:50:55.557  INFO 44504 --- [Thread-2] com.alibaba.druid.pool.DruidDataSource   : {dataSource-1} closed
